d:\google drive\aps\vaja4\vaja4\debug\vaja4.pch
d:\google drive\aps\vaja4\vaja4\debug\stdafx.obj
d:\google drive\aps\vaja4\vaja4\debug\vc100.pdb
d:\google drive\aps\vaja4\vaja4\debug\vaja4.obj
d:\google drive\aps\vaja4\debug\vaja4.ilk
d:\google drive\aps\vaja4\debug\vaja4.exe
d:\google drive\aps\vaja4\vaja4\debug\vaja4.exe.intermediate.manifest
d:\google drive\aps\vaja4\debug\vaja4.pdb
d:\google drive\aps\vaja4\vaja4\debug\vaja4.exe.embed.manifest
d:\google drive\aps\vaja4\vaja4\debug\vaja4.exe.embed.manifest.res
c:\users\patrik\desktop\aps\vaja4\vaja4\debug\vaja4.pch
c:\users\patrik\desktop\aps\vaja4\vaja4\debug\vc120.pdb
c:\users\patrik\desktop\aps\vaja4\vaja4\debug\vc120.idb
c:\users\patrik\desktop\aps\vaja4\vaja4\debug\stdafx.obj
c:\users\patrik\desktop\aps\vaja4\vaja4\debug\vaja4.obj
c:\users\patrik\desktop\aps\vaja4\vaja4\debug\vaja4.vcxprojresolveassemblyreference.cache
c:\users\patrik\desktop\aps\vaja4\vaja4\debug\cl.command.1.tlog
c:\users\patrik\desktop\aps\vaja4\vaja4\debug\cl.read.1.tlog
c:\users\patrik\desktop\aps\vaja4\vaja4\debug\cl.write.1.tlog
c:\users\patrik\desktop\aps\vaja4\vaja4\debug\link-cvtres.read.1.tlog
c:\users\patrik\desktop\aps\vaja4\vaja4\debug\link-cvtres.write.1.tlog
c:\users\patrik\desktop\aps\vaja4\vaja4\debug\link.10076-cvtres.read.1.tlog
c:\users\patrik\desktop\aps\vaja4\vaja4\debug\link.10076-cvtres.write.1.tlog
c:\users\patrik\desktop\aps\vaja4\vaja4\debug\link.10076.read.1.tlog
c:\users\patrik\desktop\aps\vaja4\vaja4\debug\link.10076.write.1.tlog
c:\users\patrik\desktop\aps\vaja4\vaja4\debug\link.1752-cvtres.read.1.tlog
c:\users\patrik\desktop\aps\vaja4\vaja4\debug\link.1752-cvtres.write.1.tlog
c:\users\patrik\desktop\aps\vaja4\vaja4\debug\link.1752.read.1.tlog
c:\users\patrik\desktop\aps\vaja4\vaja4\debug\link.1752.write.1.tlog
c:\users\patrik\desktop\aps\vaja4\vaja4\debug\link.700-cvtres.read.1.tlog
c:\users\patrik\desktop\aps\vaja4\vaja4\debug\link.700-cvtres.write.1.tlog
c:\users\patrik\desktop\aps\vaja4\vaja4\debug\link.700.read.1.tlog
c:\users\patrik\desktop\aps\vaja4\vaja4\debug\link.700.write.1.tlog
c:\users\patrik\desktop\aps\vaja4\vaja4\debug\link.7112-cvtres.read.1.tlog
c:\users\patrik\desktop\aps\vaja4\vaja4\debug\link.7112-cvtres.write.1.tlog
c:\users\patrik\desktop\aps\vaja4\vaja4\debug\link.7112.read.1.tlog
c:\users\patrik\desktop\aps\vaja4\vaja4\debug\link.7112.write.1.tlog
c:\users\patrik\desktop\aps\vaja4\vaja4\debug\link.880-cvtres.read.1.tlog
c:\users\patrik\desktop\aps\vaja4\vaja4\debug\link.880-cvtres.write.1.tlog
c:\users\patrik\desktop\aps\vaja4\vaja4\debug\link.880.read.1.tlog
c:\users\patrik\desktop\aps\vaja4\vaja4\debug\link.880.write.1.tlog
c:\users\patrik\desktop\aps\vaja4\vaja4\debug\link.9564-cvtres.read.1.tlog
c:\users\patrik\desktop\aps\vaja4\vaja4\debug\link.9564-cvtres.write.1.tlog
c:\users\patrik\desktop\aps\vaja4\vaja4\debug\link.9564.read.1.tlog
c:\users\patrik\desktop\aps\vaja4\vaja4\debug\link.9564.write.1.tlog
c:\users\patrik\desktop\aps\vaja4\vaja4\debug\link.command.1.tlog
c:\users\patrik\desktop\aps\vaja4\vaja4\debug\link.read.1.tlog
c:\users\patrik\desktop\aps\vaja4\vaja4\debug\link.write.1.tlog
c:\users\patrik\desktop\aps\vaja4\vaja4\debug\mt.command.1.tlog
c:\users\patrik\desktop\aps\vaja4\vaja4\debug\mt.read.1.tlog
c:\users\patrik\desktop\aps\vaja4\vaja4\debug\mt.write.1.tlog
c:\users\patrik\desktop\aps\vaja4\vaja4\debug\rc.command.1.tlog
c:\users\patrik\desktop\aps\vaja4\vaja4\debug\rc.read.1.tlog
c:\users\patrik\desktop\aps\vaja4\vaja4\debug\rc.write.1.tlog
c:\users\patrik\desktop\aps\vaja4\vaja4\debug\vaja4.write.1.tlog
c:\users\patrik\desktop\aps\vaja4\vaja4\debug\vaja4.exe.embed.manifest
c:\users\patrik\desktop\aps\vaja4\vaja4\debug\vaja4.exe.intermediate.manifest
c:\users\patrik\desktop\aps\vaja4\vaja4\debug\vaja4.exe.embed.manifest.res
c:\users\patrik\desktop\aps\vaja4\vaja4\debug\vc100.idb
c:\users\patrik\desktop\aps\vaja4\vaja4\debug\vc100.pdb
c:\users\patrik\desktop\aps\vaja4\vaja4\debug\vaja4_manifest.rc
c:\users\patrik\desktop\aps\vaja4\debug\vaja4.pdb
c:\users\patrik\desktop\aps\vaja4\vaja4\debug\vaja4.tlog\cl.command.1.tlog
c:\users\patrik\desktop\aps\vaja4\vaja4\debug\vaja4.tlog\cl.read.1.tlog
c:\users\patrik\desktop\aps\vaja4\vaja4\debug\vaja4.tlog\cl.write.1.tlog
c:\users\patrik\desktop\aps\vaja4\vaja4\debug\vaja4.tlog\link-cvtres.read.1.tlog
c:\users\patrik\desktop\aps\vaja4\vaja4\debug\vaja4.tlog\link-cvtres.write.1.tlog
c:\users\patrik\desktop\aps\vaja4\vaja4\debug\vaja4.tlog\link-rc.read.1.tlog
c:\users\patrik\desktop\aps\vaja4\vaja4\debug\vaja4.tlog\link-rc.write.1.tlog
c:\users\patrik\desktop\aps\vaja4\vaja4\debug\vaja4.tlog\link.command.1.tlog
c:\users\patrik\desktop\aps\vaja4\vaja4\debug\vaja4.tlog\link.read.1.tlog
c:\users\patrik\desktop\aps\vaja4\vaja4\debug\vaja4.tlog\link.write.1.tlog
