d:\google drive\aps\vaja5\vaja5\debug\vaja5.pch
d:\google drive\aps\vaja5\vaja5\debug\stdafx.obj
d:\google drive\aps\vaja5\vaja5\debug\vc100.pdb
d:\google drive\aps\vaja5\vaja5\debug\vaja5.obj
d:\google drive\aps\vaja5\debug\vaja5.ilk
d:\google drive\aps\vaja5\debug\vaja5.exe
d:\google drive\aps\vaja5\vaja5\debug\vaja5.exe.intermediate.manifest
d:\google drive\aps\vaja5\debug\vaja5.pdb
d:\google drive\aps\vaja5\vaja5\debug\vaja5.exe.embed.manifest
d:\google drive\aps\vaja5\vaja5\debug\vaja5.exe.embed.manifest.res
c:\users\patrik\desktop\aps\vaja5\vaja5\debug\vaja5.pch
c:\users\patrik\desktop\aps\vaja5\vaja5\debug\vc120.pdb
c:\users\patrik\desktop\aps\vaja5\vaja5\debug\vc120.idb
c:\users\patrik\desktop\aps\vaja5\vaja5\debug\stdafx.obj
c:\users\patrik\desktop\aps\vaja5\vaja5\debug\vaja5.obj
c:\users\patrik\desktop\aps\vaja5\vaja5\debug\vaja5.vcxprojresolveassemblyreference.cache
c:\users\patrik\desktop\aps\vaja5\vaja5\debug\cl.command.1.tlog
c:\users\patrik\desktop\aps\vaja5\vaja5\debug\cl.read.1.tlog
c:\users\patrik\desktop\aps\vaja5\vaja5\debug\cl.write.1.tlog
c:\users\patrik\desktop\aps\vaja5\vaja5\debug\link-cvtres.read.1.tlog
c:\users\patrik\desktop\aps\vaja5\vaja5\debug\link-cvtres.write.1.tlog
c:\users\patrik\desktop\aps\vaja5\vaja5\debug\link.11660-cvtres.read.1.tlog
c:\users\patrik\desktop\aps\vaja5\vaja5\debug\link.11660-cvtres.write.1.tlog
c:\users\patrik\desktop\aps\vaja5\vaja5\debug\link.11660.read.1.tlog
c:\users\patrik\desktop\aps\vaja5\vaja5\debug\link.11660.write.1.tlog
c:\users\patrik\desktop\aps\vaja5\vaja5\debug\link.3672-cvtres.read.1.tlog
c:\users\patrik\desktop\aps\vaja5\vaja5\debug\link.3672-cvtres.write.1.tlog
c:\users\patrik\desktop\aps\vaja5\vaja5\debug\link.3672.read.1.tlog
c:\users\patrik\desktop\aps\vaja5\vaja5\debug\link.3672.write.1.tlog
c:\users\patrik\desktop\aps\vaja5\vaja5\debug\link.4228-cvtres.read.1.tlog
c:\users\patrik\desktop\aps\vaja5\vaja5\debug\link.4228-cvtres.write.1.tlog
c:\users\patrik\desktop\aps\vaja5\vaja5\debug\link.4228.read.1.tlog
c:\users\patrik\desktop\aps\vaja5\vaja5\debug\link.4228.write.1.tlog
c:\users\patrik\desktop\aps\vaja5\vaja5\debug\link.7284-cvtres.read.1.tlog
c:\users\patrik\desktop\aps\vaja5\vaja5\debug\link.7284-cvtres.write.1.tlog
c:\users\patrik\desktop\aps\vaja5\vaja5\debug\link.7284.read.1.tlog
c:\users\patrik\desktop\aps\vaja5\vaja5\debug\link.7284.write.1.tlog
c:\users\patrik\desktop\aps\vaja5\vaja5\debug\link.7316-cvtres.read.1.tlog
c:\users\patrik\desktop\aps\vaja5\vaja5\debug\link.7316-cvtres.write.1.tlog
c:\users\patrik\desktop\aps\vaja5\vaja5\debug\link.7316.read.1.tlog
c:\users\patrik\desktop\aps\vaja5\vaja5\debug\link.7316.write.1.tlog
c:\users\patrik\desktop\aps\vaja5\vaja5\debug\link.command.1.tlog
c:\users\patrik\desktop\aps\vaja5\vaja5\debug\link.read.1.tlog
c:\users\patrik\desktop\aps\vaja5\vaja5\debug\link.write.1.tlog
c:\users\patrik\desktop\aps\vaja5\vaja5\debug\mt.command.1.tlog
c:\users\patrik\desktop\aps\vaja5\vaja5\debug\mt.read.1.tlog
c:\users\patrik\desktop\aps\vaja5\vaja5\debug\mt.write.1.tlog
c:\users\patrik\desktop\aps\vaja5\vaja5\debug\rc.command.1.tlog
c:\users\patrik\desktop\aps\vaja5\vaja5\debug\rc.read.1.tlog
c:\users\patrik\desktop\aps\vaja5\vaja5\debug\rc.write.1.tlog
c:\users\patrik\desktop\aps\vaja5\vaja5\debug\vaja5.write.1.tlog
c:\users\patrik\desktop\aps\vaja5\vaja5\debug\vaja5.exe.embed.manifest
c:\users\patrik\desktop\aps\vaja5\vaja5\debug\vaja5.exe.intermediate.manifest
c:\users\patrik\desktop\aps\vaja5\vaja5\debug\vaja5.exe.embed.manifest.res
c:\users\patrik\desktop\aps\vaja5\vaja5\debug\vc100.idb
c:\users\patrik\desktop\aps\vaja5\vaja5\debug\vc100.pdb
c:\users\patrik\desktop\aps\vaja5\vaja5\debug\vaja5_manifest.rc
c:\users\patrik\desktop\aps\vaja5\debug\vaja5.pdb
c:\users\patrik\desktop\aps\vaja5\vaja5\debug\vaja5.tlog\cl.command.1.tlog
c:\users\patrik\desktop\aps\vaja5\vaja5\debug\vaja5.tlog\cl.read.1.tlog
c:\users\patrik\desktop\aps\vaja5\vaja5\debug\vaja5.tlog\cl.write.1.tlog
c:\users\patrik\desktop\aps\vaja5\vaja5\debug\vaja5.tlog\link-cvtres.read.1.tlog
c:\users\patrik\desktop\aps\vaja5\vaja5\debug\vaja5.tlog\link-cvtres.write.1.tlog
c:\users\patrik\desktop\aps\vaja5\vaja5\debug\vaja5.tlog\link-rc.read.1.tlog
c:\users\patrik\desktop\aps\vaja5\vaja5\debug\vaja5.tlog\link-rc.write.1.tlog
c:\users\patrik\desktop\aps\vaja5\vaja5\debug\vaja5.tlog\link.command.1.tlog
c:\users\patrik\desktop\aps\vaja5\vaja5\debug\vaja5.tlog\link.read.1.tlog
c:\users\patrik\desktop\aps\vaja5\vaja5\debug\vaja5.tlog\link.write.1.tlog
